[    1397ms] [INFO] %cDownload the React DevTools for a better development experience: https://reactjs.org/link/react-devtools font-weight:bold @ http://localhost:5186/node_modules/.vite/deps/chunk-373CG7ZK.js?v=da63df07:21548
[    1456ms] [ERROR] Failed to load resource: the server responded with a status of 404 (Not Found) @ http://localhost:5186/favicon.ico:0
[  550766ms] ReferenceError: nextTime is not defined
    at ChordOverlay (http://localhost:5186/src/components/ChordOverlay.tsx?t=1784837710153:47:25)
    at renderWithHooks (http://localhost:5186/node_modules/.vite/deps/chunk-373CG7ZK.js?v=da63df07:11546:26)
    at mountIndeterminateComponent (http://localhost:5186/node_modules/.vite/deps/chunk-373CG7ZK.js?v=da63df07:14924:21)
    at beginWork (http://localhost:5186/node_modules/.vite/deps/chunk-373CG7ZK.js?v=da63df07:15912:22)
    at HTMLUnknownElement.callCallback2 (http://localhost:5186/node_modules/.vite/deps/chunk-373CG7ZK.js?v=da63df07:3672:22)
    at Object.invokeGuardedCallbackDev (http://localhost:5186/node_modules/.vite/deps/chunk-373CG7ZK.js?v=da63df07:3697:24)
    at invokeGuardedCallback (http://localhost:5186/node_modules/.vite/deps/chunk-373CG7ZK.js?v=da63df07:3731:39)
    at beginWork$1 (http://localhost:5186/node_modules/.vite/deps/chunk-373CG7ZK.js?v=da63df07:19763:15)
    at performUnitOfWork (http://localhost:5186/node_modules/.vite/deps/chunk-373CG7ZK.js?v=da63df07:19196:20)
    at workLoopSync (http://localhost:5186/node_modules/.vite/deps/chunk-373CG7ZK.js?v=da63df07:19135:13)
[  550769ms] ReferenceError: nextTime is not defined
    at ChordOverlay (http://localhost:5186/src/components/ChordOverlay.tsx?t=1784837710153:47:25)
    at renderWithHooks (http://localhost:5186/node_modules/.vite/deps/chunk-373CG7ZK.js?v=da63df07:11546:26)
    at mountIndeterminateComponent (http://localhost:5186/node_modules/.vite/deps/chunk-373CG7ZK.js?v=da63df07:14924:21)
    at beginWork (http://localhost:5186/node_modules/.vite/deps/chunk-373CG7ZK.js?v=da63df07:15912:22)
    at HTMLUnknownElement.callCallback2 (http://localhost:5186/node_modules/.vite/deps/chunk-373CG7ZK.js?v=da63df07:3672:22)
    at Object.invokeGuardedCallbackDev (http://localhost:5186/node_modules/.vite/deps/chunk-373CG7ZK.js?v=da63df07:3697:24)
    at invokeGuardedCallback (http://localhost:5186/node_modules/.vite/deps/chunk-373CG7ZK.js?v=da63df07:3731:39)
    at beginWork$1 (http://localhost:5186/node_modules/.vite/deps/chunk-373CG7ZK.js?v=da63df07:19763:15)
    at performUnitOfWork (http://localhost:5186/node_modules/.vite/deps/chunk-373CG7ZK.js?v=da63df07:19196:20)
    at workLoopSync (http://localhost:5186/node_modules/.vite/deps/chunk-373CG7ZK.js?v=da63df07:19135:13)
[  550770ms] [ERROR] The above error occurred in the <ChordOverlay> component:

    at ChordOverlay (http://localhost:5186/src/components/ChordOverlay.tsx?t=1784837710153:22:32)
    at div
    at div
    at div
    at PlayalongView (http://localhost:5186/src/App.tsx:146:3)
    at App (http://localhost:5186/src/App.tsx:312:35)

Consider adding an error boundary to your tree to customize error handling behavior.
Visit https://reactjs.org/link/error-boundaries to learn more about error boundaries. @ http://localhost:5186/node_modules/.vite/deps/chunk-373CG7ZK.js?v=da63df07:14029
[  550774ms] ReferenceError: nextTime is not defined
    at ChordOverlay (http://localhost:5186/src/components/ChordOverlay.tsx?t=1784837710153:47:25)
    at renderWithHooks (http://localhost:5186/node_modules/.vite/deps/chunk-373CG7ZK.js?v=da63df07:11546:26)
    at mountIndeterminateComponent (http://localhost:5186/node_modules/.vite/deps/chunk-373CG7ZK.js?v=da63df07:14924:21)
    at beginWork (http://localhost:5186/node_modules/.vite/deps/chunk-373CG7ZK.js?v=da63df07:15912:22)
    at beginWork$1 (http://localhost:5186/node_modules/.vite/deps/chunk-373CG7ZK.js?v=da63df07:19751:22)
    at performUnitOfWork (http://localhost:5186/node_modules/.vite/deps/chunk-373CG7ZK.js?v=da63df07:19196:20)
    at workLoopSync (http://localhost:5186/node_modules/.vite/deps/chunk-373CG7ZK.js?v=da63df07:19135:13)
    at renderRootSync (http://localhost:5186/node_modules/.vite/deps/chunk-373CG7ZK.js?v=da63df07:19114:15)
    at recoverFromConcurrentError (http://localhost:5186/node_modules/.vite/deps/chunk-373CG7ZK.js?v=da63df07:18734:28)
    at performSyncWorkOnRoot (http://localhost:5186/node_modules/.vite/deps/chunk-373CG7ZK.js?v=da63df07:18877:28)
